Unity Editor version:    2020.3.17f1 (a4537701e4ab)
Branch:                  2020.3/staging
Build type:              Release
Batch mode:              YES
macOS version:           Version 11.6 (Build 20G165)
Darwin version:          20.6.0
Architecture:            x86_64
Running under Rosetta:   NO
Available memory:        8192 MB
Using pre-set license
Pro License: NO

COMMAND LINE ARGUMENTS:
/Applications/Unity/Hub/Editor/2020.3.17f1/Unity.app/Contents/MacOS/Unity
-adb2
-batchMode
-noUpm
-name
AssetImportWorker0
-projectPath
/Users/debbie/Documents/HelloInteractions/SceneManagement
-logFile
Logs/AssetImportWorker0.log
-srvPort
57591
Successfully changed project path to: /Users/debbie/Documents/HelloInteractions/SceneManagement
/Users/debbie/Documents/HelloInteractions/SceneManagement
Using Asset Import Pipeline V2.
Refreshing native plugins compatible for Editor in 95.86 ms, found 3 plugins.
Preloading 1 native plugins for Editor in 19.67 ms.
Initialize engine version: 2020.3.17f1 (a4537701e4ab)
[Subsystems] Discovering subsystems at path /Applications/Unity/Hub/Editor/2020.3.17f1/Unity.app/Contents/Resources/UnitySubsystems
[Subsystems] Discovering subsystems at path /Users/debbie/Documents/HelloInteractions/SceneManagement/Assets
GfxDevice: creating device client; threaded=0
2021-11-01 12:38:27.110 Unity[32050:2084530] Color LCD preferred device: Intel(R) Iris(TM) Plus Graphics 645 (low power)
2021-11-01 12:38:27.110 Unity[32050:2084530] Metal devices available: 1
2021-11-01 12:38:27.111 Unity[32050:2084530] 0: Intel(R) Iris(TM) Plus Graphics 645 (low power)
2021-11-01 12:38:27.111 Unity[32050:2084530] Using device Intel(R) Iris(TM) Plus Graphics 645 (low power)
Initializing Metal device caps: Intel(R) Iris(TM) Plus Graphics 645
Initialize mono
Mono path[0] = '/Applications/Unity/Hub/Editor/2020.3.17f1/Unity.app/Contents/Managed'
Mono path[1] = '/Applications/Unity/Hub/Editor/2020.3.17f1/Unity.app/Contents/MonoBleedingEdge/lib/mono/unityjit'
Mono config path = '/Applications/Unity/Hub/Editor/2020.3.17f1/Unity.app/Contents/MonoBleedingEdge/etc'
Using monoOptions --debugger-agent=transport=dt_socket,embedding=1,server=y,suspend=n,address=127.0.0.1:56050
Begin MonoManager ReloadAssembly
Registering precompiled unity dll's ...
Register platform support module: /Applications/Unity/Hub/Editor/2020.3.17f1/PlaybackEngines/WebGLSupport/UnityEditor.WebGL.Extensions.dll
Register platform support module: /Applications/Unity/Hub/Editor/2020.3.17f1/Unity.app/Contents/PlaybackEngines/MacStandaloneSupport/UnityEditor.OSXStandalone.Extensions.dll
Register platform support module: /Applications/Unity/Hub/Editor/2020.3.17f1/PlaybackEngines/WindowsStandaloneSupport/UnityEditor.WindowsStandalone.Extensions.dll
Register platform support module: /Applications/Unity/Hub/Editor/2020.3.17f1/PlaybackEngines/LinuxStandaloneSupport/UnityEditor.LinuxStandalone.Extensions.dll
Register platform support module: /Applications/Unity/Hub/Editor/2020.3.17f1/PlaybackEngines/LuminSupport/UnityEditor.Lumin.Extensions.dll
Registered in 0.005726 seconds.
Native extension for Lumin target not found
Native extension for LinuxStandalone target not found
Native extension for WindowsStandalone target not found
Native extension for OSXStandalone target not found
Native extension for WebGL target not found
Refreshing native plugins compatible for Editor in 79.72 ms, found 3 plugins.
Preloading 1 native plugins for Editor in 0.50 ms.
Mono: successfully reloaded assembly
- Completed reload, in  7.296 seconds
Domain Reload Profiling:
	ReloadAssembly (7297ms)
		BeginReloadAssembly (54ms)
			ExecutionOrderSort (0ms)
			DisableScriptedObjects (0ms)
			BackupInstance (0ms)
			ReleaseScriptingObjects (0ms)
			CreateAndSetChildDomain (1ms)
		EndReloadAssembly (663ms)
			LoadAssemblies (58ms)
			RebuildTransferFunctionScriptingTraits (0ms)
			SetupTypeCache (249ms)
			ReleaseScriptCaches (0ms)
			RebuildScriptCaches (54ms)
			SetupLoadedEditorAssemblies (289ms)
				LogAssemblyErrors (0ms)
				InitializePlatformSupportModulesInManaged (8ms)
				SetLoadedEditorAssemblies (1ms)
				RefreshPlugins (80ms)
				BeforeProcessingInitializeOnLoad (42ms)
				ProcessInitializeOnLoadAttributes (120ms)
				ProcessInitializeOnLoadMethodAttributes (39ms)
				AfterProcessingInitializeOnLoad (0ms)
				EditorAssembliesLoaded (0ms)
			ExecutionOrderSort2 (0ms)
			AwakeInstancesAfterBackupRestoration (0ms)
Platform modules already initialized, skipping
Registering precompiled user dll's ...
Registered in 0.013456 seconds.
Begin MonoManager ReloadAssembly
Native extension for Lumin target not found
Native extension for LinuxStandalone target not found
Native extension for WindowsStandalone target not found
Native extension for OSXStandalone target not found
Native extension for WebGL target not found
Refreshing native plugins compatible for Editor in 78.17 ms, found 3 plugins.
Preloading 1 native plugins for Editor in 0.72 ms.
Mono: successfully reloaded assembly
- Completed reload, in  2.064 seconds
Domain Reload Profiling:
	ReloadAssembly (2065ms)
		BeginReloadAssembly (211ms)
			ExecutionOrderSort (0ms)
			DisableScriptedObjects (8ms)
			BackupInstance (0ms)
			ReleaseScriptingObjects (0ms)
			CreateAndSetChildDomain (44ms)
		EndReloadAssembly (1768ms)
			LoadAssemblies (164ms)
			RebuildTransferFunctionScriptingTraits (0ms)
			SetupTypeCache (549ms)
			ReleaseScriptCaches (1ms)
			RebuildScriptCaches (95ms)
			SetupLoadedEditorAssemblies (768ms)
				LogAssemblyErrors (0ms)
				InitializePlatformSupportModulesInManaged (9ms)
				SetLoadedEditorAssemblies (0ms)
				RefreshPlugins (79ms)
				BeforeProcessingInitializeOnLoad (134ms)
				ProcessInitializeOnLoadAttributes (540ms)
				ProcessInitializeOnLoadMethodAttributes (5ms)
				AfterProcessingInitializeOnLoad (1ms)
				EditorAssembliesLoaded (0ms)
			ExecutionOrderSort2 (0ms)
			AwakeInstancesAfterBackupRestoration (9ms)
Platform modules already initialized, skipping
Validating Project structure ... 0.006889 seconds.
Shader import version has changed; will reimport all shaders...
Upgrading shader files ...0.003335 seconds.
Application.AssetDatabase Initial Script Refresh Start
RefreshInfo: InitialScriptRefreshV2(NoUpdateAssetOptions) scanfilter:  ... 1 filters
RefreshProfiler: Total: 0.000ms
Application.AssetDatabase Initial Script Refresh End
Application.AssetDatabase.Refresh Start
Application.AssetDatabase.Refresh End
RefreshInfo: StopAssetImportingV2(ForceSynchronousImport) scanfilter: 
RefreshProfiler: Total: 0.000ms
Launching external process: /Applications/Unity/Hub/Editor/2020.3.17f1/Unity.app/Contents/Tools/UnityShaderCompiler
Launched and connected shader compiler UnityShaderCompiler after 0.02 seconds
Initializing Unity extensions:
========================================================================
Worker process is ready to serve import requests
Refreshing native plugins compatible for Editor in 0.82 ms, found 3 plugins.
Preloading 1 native plugins for Editor in 0.52 ms.
Unloading 3616 Unused Serialized files (Serialized files now loaded: 0)
System memory in use before: 283.2 MB.
System memory in use after: 283.0 MB.

Unloading 178 unused Assets to reduce memory usage. Loaded Objects now: 4089.
Total: 7.229902 ms (FindLiveObjects: 0.409174 ms CreateObjectMapping: 0.217170 ms MarkObjects: 6.184645 ms  DeleteObjects: 0.417380 ms)

AssetImportParameters requested are different than current active one (requested -> active):
  custom:video-decoder-ogg-theora: a1e56fd34408186e4bbccfd4996cb3dc -> 
  custom:container-muxer-webm: aa71ff27fc2769a1b78a27578f13a17b -> 
  custom:container-demuxer-webm: 4f35f7cbe854078d1ac9338744f61a02 -> 
  custom:container-demuxer-ogg: 62fdf1f143b41e24485cea50d1cbac27 -> 
  custom:video-encoder-webm-vp8: eb34c28f22e8b96e1ab97ce403110664 -> 
  custom:framework-osx-AVFoundation: e770b220cccbd017edd2c1fefb359320 -> 
  custom:video-decoder-webm-vp8: 9c59270c3fd7afecdb556c50c9e8de78 -> 
  custom:audio-decoder-ogg-vorbis: bf7c407c2cedff20999df2af8eb42d56 -> 
  custom:audio-encoder-webm-vorbis: bf7c407c2cedff20999df2af8eb42d56 -> 
========================================================================
Received Import Request.
  path: Assets/Scenes
  artifactKey: Guid(69cfae865af633b46b2f8ff0999ba806) Importer(815301076,1909f56bfc062723c751e8b465ee728b)
Start importing Assets/Scenes using Guid(69cfae865af633b46b2f8ff0999ba806) Importer(815301076,1909f56bfc062723c751e8b465ee728b)  -> (artifact id: '3fbea9b0bcecb08e5e0a7629fce731a3') in 0.006924 seconds 
  Import took 0.014442 seconds .

========================================================================
Received Prepare
Registering precompiled user dll's ...
Registered in 0.006727 seconds.
Begin MonoManager ReloadAssembly
Native extension for Lumin target not found
Native extension for LinuxStandalone target not found
Native extension for WindowsStandalone target not found
Native extension for OSXStandalone target not found
Native extension for WebGL target not found
Refreshing native plugins compatible for Editor in 0.85 ms, found 3 plugins.
Preloading 1 native plugins for Editor in 0.60 ms.
Mono: successfully reloaded assembly
- Completed reload, in  2.209 seconds
Domain Reload Profiling:
	ReloadAssembly (2210ms)
		BeginReloadAssembly (302ms)
			ExecutionOrderSort (0ms)
			DisableScriptedObjects (11ms)
			BackupInstance (0ms)
			ReleaseScriptingObjects (0ms)
			CreateAndSetChildDomain (179ms)
		EndReloadAssembly (1811ms)
			LoadAssemblies (107ms)
			RebuildTransferFunctionScriptingTraits (0ms)
			SetupTypeCache (543ms)
			ReleaseScriptCaches (1ms)
			RebuildScriptCaches (73ms)
			SetupLoadedEditorAssemblies (812ms)
				LogAssemblyErrors (0ms)
				InitializePlatformSupportModulesInManaged (7ms)
				SetLoadedEditorAssemblies (1ms)
				RefreshPlugins (1ms)
				BeforeProcessingInitializeOnLoad (200ms)
				ProcessInitializeOnLoadAttributes (598ms)
				ProcessInitializeOnLoadMethodAttributes (4ms)
				AfterProcessingInitializeOnLoad (1ms)
				EditorAssembliesLoaded (0ms)
			ExecutionOrderSort2 (0ms)
			AwakeInstancesAfterBackupRestoration (12ms)
Platform modules already initialized, skipping
Refreshing native plugins compatible for Editor in 0.84 ms, found 3 plugins.
Preloading 1 native plugins for Editor in 0.52 ms.
Unloading 3471 Unused Serialized files (Serialized files now loaded: 0)
System memory in use before: 291.5 MB.
System memory in use after: 291.6 MB.

Unloading 21 unused Assets to reduce memory usage. Loaded Objects now: 4095.
Total: 4.790464 ms (FindLiveObjects: 0.378269 ms CreateObjectMapping: 0.177605 ms MarkObjects: 4.128486 ms  DeleteObjects: 0.104957 ms)

AssetImportParameters requested are different than current active one (requested -> active):
  custom:video-decoder-ogg-theora: a1e56fd34408186e4bbccfd4996cb3dc -> 
  custom:container-muxer-webm: aa71ff27fc2769a1b78a27578f13a17b -> 
  custom:container-demuxer-webm: 4f35f7cbe854078d1ac9338744f61a02 -> 
  custom:container-demuxer-ogg: 62fdf1f143b41e24485cea50d1cbac27 -> 
  custom:video-encoder-webm-vp8: eb34c28f22e8b96e1ab97ce403110664 -> 
  custom:framework-osx-AVFoundation: e770b220cccbd017edd2c1fefb359320 -> 
  custom:video-decoder-webm-vp8: 9c59270c3fd7afecdb556c50c9e8de78 -> 
  custom:audio-decoder-ogg-vorbis: bf7c407c2cedff20999df2af8eb42d56 -> 
  custom:audio-encoder-webm-vorbis: bf7c407c2cedff20999df2af8eb42d56 -> 
========================================================================
Received Import Request.
  Time since last request: 92.268341 seconds.
  path: Assets/Settings/URP.asset
  artifactKey: Guid(ca3e2766359ae804880f2a06a8f9cc8c) Importer(815301076,1909f56bfc062723c751e8b465ee728b)
Start importing Assets/Settings/URP.asset using Guid(ca3e2766359ae804880f2a06a8f9cc8c) Importer(815301076,1909f56bfc062723c751e8b465ee728b)  -> (artifact id: '63da1671ab48c71737014908e9927b84') in 0.973929 seconds 
  Import took 0.983443 seconds .

========================================================================
Received Import Request.
  Time since last request: 0.003250 seconds.
  path: Assets/Settings/URP_Renderer.asset
  artifactKey: Guid(0ba8ca096efc51c4cb99f193efcd39dd) Importer(815301076,1909f56bfc062723c751e8b465ee728b)
Start importing Assets/Settings/URP_Renderer.asset using Guid(0ba8ca096efc51c4cb99f193efcd39dd) Importer(815301076,1909f56bfc062723c751e8b465ee728b)  -> (artifact id: 'b8d0b49dc0c4e0a8a9197cfdc280bf2a') in 0.004374 seconds 
  Import took 0.010539 seconds .

========================================================================
Received Import Request.
  Time since last request: 0.024981 seconds.
  path: Assets/Settings/URP.asset
  artifactKey: Guid(ca3e2766359ae804880f2a06a8f9cc8c) Importer(815301076,1909f56bfc062723c751e8b465ee728b)
Start importing Assets/Settings/URP.asset using Guid(ca3e2766359ae804880f2a06a8f9cc8c) Importer(815301076,1909f56bfc062723c751e8b465ee728b)  -> (artifact id: '63da1671ab48c71737014908e9927b84') in 0.002614 seconds 
  Import took 0.009702 seconds .

========================================================================
Received Import Request.
  Time since last request: 19.995356 seconds.
  path: Assets/Settings/URP_Renderer.asset
  artifactKey: Guid(0ba8ca096efc51c4cb99f193efcd39dd) Importer(815301076,1909f56bfc062723c751e8b465ee728b)
Start importing Assets/Settings/URP_Renderer.asset using Guid(0ba8ca096efc51c4cb99f193efcd39dd) Importer(815301076,1909f56bfc062723c751e8b465ee728b)  -> (artifact id: '964395ddb20908f262991e44610eb689') in 0.009875 seconds 
  Import took 0.019319 seconds .

========================================================================
Received Import Request.
  Time since last request: 0.005897 seconds.
  path: Assets/Settings/URP_Renderer.asset
  artifactKey: Guid(0ba8ca096efc51c4cb99f193efcd39dd) Importer(815301076,1909f56bfc062723c751e8b465ee728b)
Start importing Assets/Settings/URP_Renderer.asset using Guid(0ba8ca096efc51c4cb99f193efcd39dd) Importer(815301076,1909f56bfc062723c751e8b465ee728b)  -> (artifact id: '964395ddb20908f262991e44610eb689') in 0.005165 seconds 
  Import took 0.014922 seconds .

========================================================================
Received Import Request.
  Time since last request: 7.375707 seconds.
  path: Assets/Materials/Black.mat
  artifactKey: Guid(dc3a02b7486b6bb4cbfe0d8a939a7e7d) Importer(815301076,1909f56bfc062723c751e8b465ee728b)
Start importing Assets/Materials/Black.mat using Guid(dc3a02b7486b6bb4cbfe0d8a939a7e7d) Importer(815301076,1909f56bfc062723c751e8b465ee728b)  -> (artifact id: 'd07ab20bf8ded1f503b5827c2091a4b3') in 1.079987 seconds 
  Import took 1.088902 seconds .

========================================================================
Received Import Request.
  Time since last request: 0.002373 seconds.
  path: Assets/Materials/Green.mat
  artifactKey: Guid(57ba251f571e712448af9664708f8add) Importer(815301076,1909f56bfc062723c751e8b465ee728b)
Start importing Assets/Materials/Green.mat using Guid(57ba251f571e712448af9664708f8add) Importer(815301076,1909f56bfc062723c751e8b465ee728b)  -> (artifact id: 'b6d7f05f7ce4e5bd323e5983d4b518b3') in 0.015362 seconds 
  Import took 0.022135 seconds .

========================================================================
Received Import Request.
  Time since last request: 0.000324 seconds.
  path: Assets/Materials/RedButton.mat
  artifactKey: Guid(acbd015c3b74fc24b8e0f6fb9bcb24fb) Importer(815301076,1909f56bfc062723c751e8b465ee728b)
Start importing Assets/Materials/RedButton.mat using Guid(acbd015c3b74fc24b8e0f6fb9bcb24fb) Importer(815301076,1909f56bfc062723c751e8b465ee728b)  -> (artifact id: '54eab0a95761eaa849ddc1275f1a0ab7') in 0.047689 seconds 
  Import took 0.056078 seconds .

========================================================================
Received Import Request.
  Time since last request: 0.000319 seconds.
  path: Assets/Materials/GreenButton.mat
  artifactKey: Guid(f7cde6de9cd240f4ebd3e34e42b6aec6) Importer(815301076,1909f56bfc062723c751e8b465ee728b)
Start importing Assets/Materials/GreenButton.mat using Guid(f7cde6de9cd240f4ebd3e34e42b6aec6) Importer(815301076,1909f56bfc062723c751e8b465ee728b)  -> (artifact id: '3c2f2e85205e6cb1ab2ed48ac642f931') in 0.027187 seconds 
  Import took 0.033923 seconds .

========================================================================
Received Import Request.
  Time since last request: 0.000311 seconds.
  path: Assets/Materials/RedGlow.mat
  artifactKey: Guid(4b84cdda43224804cabf4286c1a22906) Importer(815301076,1909f56bfc062723c751e8b465ee728b)
Start importing Assets/Materials/RedGlow.mat using Guid(4b84cdda43224804cabf4286c1a22906) Importer(815301076,1909f56bfc062723c751e8b465ee728b)  -> (artifact id: '28b619de5237bda211d7b1df256bdff5') in 0.649958 seconds 
  Import took 0.656361 seconds .

========================================================================
Received Import Request.
  Time since last request: 0.000289 seconds.
  path: Assets/Materials/OrangeGlow.mat
  artifactKey: Guid(2e34ecffafbf81a4996445084f8ce09b) Importer(815301076,1909f56bfc062723c751e8b465ee728b)
Start importing Assets/Materials/OrangeGlow.mat using Guid(2e34ecffafbf81a4996445084f8ce09b) Importer(815301076,1909f56bfc062723c751e8b465ee728b)  -> (artifact id: 'eecf1a9c86acaa008c07764dbcc101c1') in 0.013877 seconds 
  Import took 0.023148 seconds .

========================================================================
Received Import Request.
  Time since last request: 0.000353 seconds.
  path: Assets/Materials/GreenSky.mat
  artifactKey: Guid(a3664b2abb149244a99cd1cd494ec1d2) Importer(815301076,1909f56bfc062723c751e8b465ee728b)
Start importing Assets/Materials/GreenSky.mat using Guid(a3664b2abb149244a99cd1cd494ec1d2) Importer(815301076,1909f56bfc062723c751e8b465ee728b)  -> (artifact id: '9f1fbfcc107a4620214f2da734674ca9') in 0.193351 seconds 
  Import took 0.205055 seconds .

========================================================================
Received Import Request.
  Time since last request: 86.646651 seconds.
  path: Assets/XRBlit/Materials/Shaders/ScreenFade.shader
  artifactKey: Guid(7bb09268cb956a4409eabb7c15dcf962) Importer(815301076,1909f56bfc062723c751e8b465ee728b)
Start importing Assets/XRBlit/Materials/Shaders/ScreenFade.shader using Guid(7bb09268cb956a4409eabb7c15dcf962) Importer(815301076,1909f56bfc062723c751e8b465ee728b)  -> (artifact id: '73e8a169ddd2f0bebdc973da858ad0e9') in 0.204606 seconds 
  Import took 0.212204 seconds .

========================================================================
Received Import Request.
  Time since last request: 1.102027 seconds.
  path: Assets/XRBlit/Materials/Shaders/ScreenFade.shader
  artifactKey: Guid(7bb09268cb956a4409eabb7c15dcf962) Importer(815301076,1909f56bfc062723c751e8b465ee728b)
Start importing Assets/XRBlit/Materials/Shaders/ScreenFade.shader using Guid(7bb09268cb956a4409eabb7c15dcf962) Importer(815301076,1909f56bfc062723c751e8b465ee728b)  -> (artifact id: '73e8a169ddd2f0bebdc973da858ad0e9') in 0.011461 seconds 
  Import took 0.024513 seconds .

========================================================================
Received Import Request.
  Time since last request: 28.492236 seconds.
  path: Assets/Scripts/XRSceneTransitionController.cs
  artifactKey: Guid(d4e0cb5b1e771450688616b9ff32f076) Importer(815301076,1909f56bfc062723c751e8b465ee728b)
Start importing Assets/Scripts/XRSceneTransitionController.cs using Guid(d4e0cb5b1e771450688616b9ff32f076) Importer(815301076,1909f56bfc062723c751e8b465ee728b)  -> (artifact id: 'a446b1e0e6e37e0d86bd839b372f6c05') in 0.433671 seconds 
  Import took 0.441374 seconds .

========================================================================
Received Import Request.
  Time since last request: 0.661198 seconds.
  path: Assets/Scripts/XRSceneTransitionManager.cs
  artifactKey: Guid(52b7730399c40448c80da2183b2166ea) Importer(815301076,1909f56bfc062723c751e8b465ee728b)
Start importing Assets/Scripts/XRSceneTransitionManager.cs using Guid(52b7730399c40448c80da2183b2166ea) Importer(815301076,1909f56bfc062723c751e8b465ee728b)  -> (artifact id: '37c3e140430554c66079b980984035b1') in 0.006656 seconds 
  Import took 0.015537 seconds .

========================================================================
Received Import Request.
  Time since last request: 0.033709 seconds.
  path: Assets/Scripts/XRSceneTransitionManager.cs
  artifactKey: Guid(52b7730399c40448c80da2183b2166ea) Importer(815301076,1909f56bfc062723c751e8b465ee728b)
Start importing Assets/Scripts/XRSceneTransitionManager.cs using Guid(52b7730399c40448c80da2183b2166ea) Importer(815301076,1909f56bfc062723c751e8b465ee728b)  -> (artifact id: '37c3e140430554c66079b980984035b1') in 0.004130 seconds 
  Import took 0.014766 seconds .

========================================================================
Received Import Request.
  Time since last request: 49.653785 seconds.
  path: Assets/Scripts/XRSceneTransitionManager.cs
  artifactKey: Guid(52b7730399c40448c80da2183b2166ea) Importer(815301076,1909f56bfc062723c751e8b465ee728b)
Start importing Assets/Scripts/XRSceneTransitionManager.cs using Guid(52b7730399c40448c80da2183b2166ea) Importer(815301076,1909f56bfc062723c751e8b465ee728b)  -> (artifact id: '7e738df8489e4d623aa99d76dbbd3018') in 0.014694 seconds 
  Import took 0.048361 seconds .

========================================================================
Received Prepare
Registering precompiled user dll's ...
Registered in 0.006336 seconds.
Begin MonoManager ReloadAssembly
Native extension for Lumin target not found
Native extension for LinuxStandalone target not found
Native extension for WindowsStandalone target not found
Native extension for OSXStandalone target not found
Native extension for WebGL target not found
Refreshing native plugins compatible for Editor in 0.83 ms, found 3 plugins.
Preloading 1 native plugins for Editor in 0.86 ms.
Mono: successfully reloaded assembly
- Completed reload, in  2.025 seconds
Domain Reload Profiling:
	ReloadAssembly (2028ms)
		BeginReloadAssembly (340ms)
			ExecutionOrderSort (0ms)
			DisableScriptedObjects (21ms)
			BackupInstance (0ms)
			ReleaseScriptingObjects (0ms)
			CreateAndSetChildDomain (203ms)
		EndReloadAssembly (1606ms)
			LoadAssemblies (99ms)
			RebuildTransferFunctionScriptingTraits (0ms)
			SetupTypeCache (507ms)
			ReleaseScriptCaches (2ms)
			RebuildScriptCaches (68ms)
			SetupLoadedEditorAssemblies (650ms)
				LogAssemblyErrors (0ms)
				InitializePlatformSupportModulesInManaged (8ms)
				SetLoadedEditorAssemblies (1ms)
				RefreshPlugins (2ms)
				BeforeProcessingInitializeOnLoad (171ms)
				ProcessInitializeOnLoadAttributes (462ms)
				ProcessInitializeOnLoadMethodAttributes (4ms)
				AfterProcessingInitializeOnLoad (2ms)
				EditorAssembliesLoaded (0ms)
			ExecutionOrderSort2 (0ms)
			AwakeInstancesAfterBackupRestoration (20ms)
Platform modules already initialized, skipping
Refreshing native plugins compatible for Editor in 0.85 ms, found 3 plugins.
Preloading 1 native plugins for Editor in 0.54 ms.
Unloading 3473 Unused Serialized files (Serialized files now loaded: 0)
System memory in use before: 312.3 MB.
System memory in use after: 312.4 MB.

Unloading 20 unused Assets to reduce memory usage. Loaded Objects now: 4178.
Total: 4.820467 ms (FindLiveObjects: 0.478441 ms CreateObjectMapping: 0.171812 ms MarkObjects: 4.046436 ms  DeleteObjects: 0.122689 ms)

AssetImportParameters requested are different than current active one (requested -> active):
  custom:video-decoder-ogg-theora: a1e56fd34408186e4bbccfd4996cb3dc -> 
  custom:container-muxer-webm: aa71ff27fc2769a1b78a27578f13a17b -> 
  custom:container-demuxer-webm: 4f35f7cbe854078d1ac9338744f61a02 -> 
  custom:container-demuxer-ogg: 62fdf1f143b41e24485cea50d1cbac27 -> 
  custom:video-encoder-webm-vp8: eb34c28f22e8b96e1ab97ce403110664 -> 
  custom:framework-osx-AVFoundation: e770b220cccbd017edd2c1fefb359320 -> 
  custom:video-decoder-webm-vp8: 9c59270c3fd7afecdb556c50c9e8de78 -> 
  custom:audio-decoder-ogg-vorbis: bf7c407c2cedff20999df2af8eb42d56 -> 
  custom:audio-encoder-webm-vorbis: bf7c407c2cedff20999df2af8eb42d56 -> 
========================================================================
Received Import Request.
  Time since last request: 46.178322 seconds.
  path: Assets/Scripts/XRSceneTransitionManager.cs
  artifactKey: Guid(52b7730399c40448c80da2183b2166ea) Importer(815301076,1909f56bfc062723c751e8b465ee728b)
Start importing Assets/Scripts/XRSceneTransitionManager.cs using Guid(52b7730399c40448c80da2183b2166ea) Importer(815301076,1909f56bfc062723c751e8b465ee728b)  -> (artifact id: '7ed8fdf0cbe87f48696306451597eed3') in 0.042264 seconds 
  Import took 0.056550 seconds .

========================================================================
Received Prepare
Registering precompiled user dll's ...
Registered in 0.009454 seconds.
Begin MonoManager ReloadAssembly
Native extension for Lumin target not found
Native extension for LinuxStandalone target not found
Native extension for WindowsStandalone target not found
Native extension for OSXStandalone target not found
Native extension for WebGL target not found
Refreshing native plugins compatible for Editor in 0.83 ms, found 3 plugins.
Preloading 1 native plugins for Editor in 0.54 ms.
Mono: successfully reloaded assembly
- Completed reload, in  1.884 seconds
Domain Reload Profiling:
	ReloadAssembly (1897ms)
		BeginReloadAssembly (207ms)
			ExecutionOrderSort (0ms)
			DisableScriptedObjects (7ms)
			BackupInstance (0ms)
			ReleaseScriptingObjects (0ms)
			CreateAndSetChildDomain (105ms)
		EndReloadAssembly (1605ms)
			LoadAssemblies (95ms)
			RebuildTransferFunctionScriptingTraits (0ms)
			SetupTypeCache (494ms)
			ReleaseScriptCaches (1ms)
			RebuildScriptCaches (70ms)
			SetupLoadedEditorAssemblies (652ms)
				LogAssemblyErrors (0ms)
				InitializePlatformSupportModulesInManaged (9ms)
				SetLoadedEditorAssemblies (1ms)
				RefreshPlugins (1ms)
				BeforeProcessingInitializeOnLoad (173ms)
				ProcessInitializeOnLoadAttributes (462ms)
				ProcessInitializeOnLoadMethodAttributes (4ms)
				AfterProcessingInitializeOnLoad (2ms)
				EditorAssembliesLoaded (0ms)
			ExecutionOrderSort2 (0ms)
			AwakeInstancesAfterBackupRestoration (24ms)
Platform modules already initialized, skipping
Refreshing native plugins compatible for Editor in 0.86 ms, found 3 plugins.
Preloading 1 native plugins for Editor in 0.53 ms.
Unloading 3471 Unused Serialized files (Serialized files now loaded: 0)
System memory in use before: 312.5 MB.
System memory in use after: 312.7 MB.

Unloading 20 unused Assets to reduce memory usage. Loaded Objects now: 4181.
Total: 4.862825 ms (FindLiveObjects: 0.384211 ms CreateObjectMapping: 0.180739 ms MarkObjects: 4.167761 ms  DeleteObjects: 0.128836 ms)

AssetImportParameters requested are different than current active one (requested -> active):
  custom:video-decoder-ogg-theora: a1e56fd34408186e4bbccfd4996cb3dc -> 
  custom:container-muxer-webm: aa71ff27fc2769a1b78a27578f13a17b -> 
  custom:container-demuxer-webm: 4f35f7cbe854078d1ac9338744f61a02 -> 
  custom:container-demuxer-ogg: 62fdf1f143b41e24485cea50d1cbac27 -> 
  custom:video-encoder-webm-vp8: eb34c28f22e8b96e1ab97ce403110664 -> 
  custom:framework-osx-AVFoundation: e770b220cccbd017edd2c1fefb359320 -> 
  custom:video-decoder-webm-vp8: 9c59270c3fd7afecdb556c50c9e8de78 -> 
  custom:audio-decoder-ogg-vorbis: bf7c407c2cedff20999df2af8eb42d56 -> 
  custom:audio-encoder-webm-vorbis: bf7c407c2cedff20999df2af8eb42d56 -> 
========================================================================
Received Import Request.
  Time since last request: 95.130728 seconds.
  path: Assets/Scripts/XRSceneTransitionManager.cs
  artifactKey: Guid(52b7730399c40448c80da2183b2166ea) Importer(815301076,1909f56bfc062723c751e8b465ee728b)
Start importing Assets/Scripts/XRSceneTransitionManager.cs using Guid(52b7730399c40448c80da2183b2166ea) Importer(815301076,1909f56bfc062723c751e8b465ee728b)  -> (artifact id: 'e9d8b7f30d6ef8b30d1835f904edd8ac') in 0.008397 seconds 
  Import took 0.022534 seconds .

========================================================================
Received Import Request.
  Time since last request: 24.678737 seconds.
  path: Assets/Scripts/XRSceneTransitionManager.cs
  artifactKey: Guid(52b7730399c40448c80da2183b2166ea) Importer(815301076,1909f56bfc062723c751e8b465ee728b)
Start importing Assets/Scripts/XRSceneTransitionManager.cs using Guid(52b7730399c40448c80da2183b2166ea) Importer(815301076,1909f56bfc062723c751e8b465ee728b)  -> (artifact id: '0084a1bebcf9d476c5e629700dd8d687') in 0.002593 seconds 
  Import took 0.011506 seconds .

========================================================================
Received Prepare
Registering precompiled user dll's ...
Registered in 0.006936 seconds.
Begin MonoManager ReloadAssembly
Native extension for Lumin target not found
Native extension for LinuxStandalone target not found
Native extension for WindowsStandalone target not found
Native extension for OSXStandalone target not found
Native extension for WebGL target not found
Refreshing native plugins compatible for Editor in 0.82 ms, found 3 plugins.
Preloading 1 native plugins for Editor in 0.53 ms.
Mono: successfully reloaded assembly
- Completed reload, in  1.872 seconds
Domain Reload Profiling:
	ReloadAssembly (1873ms)
		BeginReloadAssembly (208ms)
			ExecutionOrderSort (0ms)
			DisableScriptedObjects (7ms)
			BackupInstance (0ms)
			ReleaseScriptingObjects (0ms)
			CreateAndSetChildDomain (116ms)
		EndReloadAssembly (1581ms)
			LoadAssemblies (103ms)
			RebuildTransferFunctionScriptingTraits (0ms)
			SetupTypeCache (498ms)
			ReleaseScriptCaches (2ms)
			RebuildScriptCaches (68ms)
			SetupLoadedEditorAssemblies (621ms)
				LogAssemblyErrors (0ms)
				InitializePlatformSupportModulesInManaged (7ms)
				SetLoadedEditorAssemblies (1ms)
				RefreshPlugins (1ms)
				BeforeProcessingInitializeOnLoad (169ms)
				ProcessInitializeOnLoadAttributes (437ms)
				ProcessInitializeOnLoadMethodAttributes (4ms)
				AfterProcessingInitializeOnLoad (2ms)
				EditorAssembliesLoaded (0ms)
			ExecutionOrderSort2 (0ms)
			AwakeInstancesAfterBackupRestoration (22ms)
Platform modules already initialized, skipping
Refreshing native plugins compatible for Editor in 0.86 ms, found 3 plugins.
Preloading 1 native plugins for Editor in 0.54 ms.
Unloading 3471 Unused Serialized files (Serialized files now loaded: 0)
System memory in use before: 312.8 MB.
System memory in use after: 313.0 MB.

Unloading 20 unused Assets to reduce memory usage. Loaded Objects now: 4184.
Total: 4.519654 ms (FindLiveObjects: 0.370875 ms CreateObjectMapping: 0.163704 ms MarkObjects: 3.880036 ms  DeleteObjects: 0.104067 ms)

AssetImportParameters requested are different than current active one (requested -> active):
  custom:video-decoder-ogg-theora: a1e56fd34408186e4bbccfd4996cb3dc -> 
  custom:container-muxer-webm: aa71ff27fc2769a1b78a27578f13a17b -> 
  custom:container-demuxer-webm: 4f35f7cbe854078d1ac9338744f61a02 -> 
  custom:container-demuxer-ogg: 62fdf1f143b41e24485cea50d1cbac27 -> 
  custom:video-encoder-webm-vp8: eb34c28f22e8b96e1ab97ce403110664 -> 
  custom:framework-osx-AVFoundation: e770b220cccbd017edd2c1fefb359320 -> 
  custom:video-decoder-webm-vp8: 9c59270c3fd7afecdb556c50c9e8de78 -> 
  custom:audio-decoder-ogg-vorbis: bf7c407c2cedff20999df2af8eb42d56 -> 
  custom:audio-encoder-webm-vorbis: bf7c407c2cedff20999df2af8eb42d56 -> 
========================================================================
Received Import Request.
  Time since last request: 58.114683 seconds.
  path: Assets/Scripts/XRSceneTransitionManager.cs
  artifactKey: Guid(52b7730399c40448c80da2183b2166ea) Importer(815301076,1909f56bfc062723c751e8b465ee728b)
Start importing Assets/Scripts/XRSceneTransitionManager.cs using Guid(52b7730399c40448c80da2183b2166ea) Importer(815301076,1909f56bfc062723c751e8b465ee728b)  -> (artifact id: '67784d7148a65187fce1bf816c636262') in 0.028973 seconds 
  Import took 0.050025 seconds .

========================================================================
Received Prepare
Registering precompiled user dll's ...
Registered in 0.006870 seconds.
Begin MonoManager ReloadAssembly
Native extension for Lumin target not found
Native extension for LinuxStandalone target not found
Native extension for WindowsStandalone target not found
Native extension for OSXStandalone target not found
Native extension for WebGL target not found
Refreshing native plugins compatible for Editor in 0.83 ms, found 3 plugins.
Preloading 1 native plugins for Editor in 0.53 ms.
Mono: successfully reloaded assembly
- Completed reload, in  1.937 seconds
Domain Reload Profiling:
	ReloadAssembly (1938ms)
		BeginReloadAssembly (222ms)
			ExecutionOrderSort (0ms)
			DisableScriptedObjects (9ms)
			BackupInstance (0ms)
			ReleaseScriptingObjects (0ms)
			CreateAndSetChildDomain (121ms)
		EndReloadAssembly (1628ms)
			LoadAssemblies (107ms)
			RebuildTransferFunctionScriptingTraits (0ms)
			SetupTypeCache (527ms)
			ReleaseScriptCaches (1ms)
			RebuildScriptCaches (67ms)
			SetupLoadedEditorAssemblies (646ms)
				LogAssemblyErrors (0ms)
				InitializePlatformSupportModulesInManaged (8ms)
				SetLoadedEditorAssemblies (1ms)
				RefreshPlugins (1ms)
				BeforeProcessingInitializeOnLoad (172ms)
				ProcessInitializeOnLoadAttributes (458ms)
				ProcessInitializeOnLoadMethodAttributes (4ms)
				AfterProcessingInitializeOnLoad (2ms)
				EditorAssembliesLoaded (0ms)
			ExecutionOrderSort2 (0ms)
			AwakeInstancesAfterBackupRestoration (23ms)
Platform modules already initialized, skipping
Refreshing native plugins compatible for Editor in 0.82 ms, found 3 plugins.
Preloading 1 native plugins for Editor in 0.51 ms.
Unloading 3471 Unused Serialized files (Serialized files now loaded: 0)
System memory in use before: 313.1 MB.
System memory in use after: 313.3 MB.

Unloading 20 unused Assets to reduce memory usage. Loaded Objects now: 4187.
Total: 4.297169 ms (FindLiveObjects: 0.360981 ms CreateObjectMapping: 0.171607 ms MarkObjects: 3.670296 ms  DeleteObjects: 0.093194 ms)

AssetImportParameters requested are different than current active one (requested -> active):
  custom:video-decoder-ogg-theora: a1e56fd34408186e4bbccfd4996cb3dc -> 
  custom:container-muxer-webm: aa71ff27fc2769a1b78a27578f13a17b -> 
  custom:container-demuxer-webm: 4f35f7cbe854078d1ac9338744f61a02 -> 
  custom:container-demuxer-ogg: 62fdf1f143b41e24485cea50d1cbac27 -> 
  custom:video-encoder-webm-vp8: eb34c28f22e8b96e1ab97ce403110664 -> 
  custom:framework-osx-AVFoundation: e770b220cccbd017edd2c1fefb359320 -> 
  custom:video-decoder-webm-vp8: 9c59270c3fd7afecdb556c50c9e8de78 -> 
  custom:audio-decoder-ogg-vorbis: bf7c407c2cedff20999df2af8eb42d56 -> 
  custom:audio-encoder-webm-vorbis: bf7c407c2cedff20999df2af8eb42d56 -> 
========================================================================
Received Import Request.
  Time since last request: 42.481043 seconds.
  path: Assets/Scripts/XRSceneTransitionManager.cs
  artifactKey: Guid(52b7730399c40448c80da2183b2166ea) Importer(815301076,1909f56bfc062723c751e8b465ee728b)
Start importing Assets/Scripts/XRSceneTransitionManager.cs using Guid(52b7730399c40448c80da2183b2166ea) Importer(815301076,1909f56bfc062723c751e8b465ee728b)  -> (artifact id: '4033174f0b9cfb28164d06ff380d9fc3') in 0.006694 seconds 
  Import took 0.017557 seconds .

========================================================================
Received Prepare
Registering precompiled user dll's ...
Registered in 0.006721 seconds.
Begin MonoManager ReloadAssembly
Native extension for Lumin target not found
Native extension for LinuxStandalone target not found
Native extension for WindowsStandalone target not found
Native extension for OSXStandalone target not found
Native extension for WebGL target not found
Refreshing native plugins compatible for Editor in 1.16 ms, found 3 plugins.
Preloading 1 native plugins for Editor in 0.74 ms.
Mono: successfully reloaded assembly
- Completed reload, in  2.236 seconds
Domain Reload Profiling:
	ReloadAssembly (2249ms)
		BeginReloadAssembly (192ms)
			ExecutionOrderSort (0ms)
			DisableScriptedObjects (6ms)
			BackupInstance (0ms)
			ReleaseScriptingObjects (0ms)
			CreateAndSetChildDomain (98ms)
		EndReloadAssembly (1967ms)
			LoadAssemblies (114ms)
			RebuildTransferFunctionScriptingTraits (0ms)
			SetupTypeCache (658ms)
			ReleaseScriptCaches (3ms)
			RebuildScriptCaches (111ms)
			SetupLoadedEditorAssemblies (726ms)
				LogAssemblyErrors (0ms)
				InitializePlatformSupportModulesInManaged (9ms)
				SetLoadedEditorAssemblies (1ms)
				RefreshPlugins (2ms)
				BeforeProcessingInitializeOnLoad (208ms)
				ProcessInitializeOnLoadAttributes (498ms)
				ProcessInitializeOnLoadMethodAttributes (5ms)
				AfterProcessingInitializeOnLoad (2ms)
				EditorAssembliesLoaded (0ms)
			ExecutionOrderSort2 (0ms)
			AwakeInstancesAfterBackupRestoration (26ms)
Platform modules already initialized, skipping
Refreshing native plugins compatible for Editor in 0.81 ms, found 3 plugins.
Preloading 1 native plugins for Editor in 0.51 ms.
Unloading 3471 Unused Serialized files (Serialized files now loaded: 0)
System memory in use before: 313.4 MB.
System memory in use after: 313.6 MB.

Unloading 20 unused Assets to reduce memory usage. Loaded Objects now: 4190.
Total: 4.918364 ms (FindLiveObjects: 0.567659 ms CreateObjectMapping: 0.266359 ms MarkObjects: 3.970329 ms  DeleteObjects: 0.112723 ms)

AssetImportParameters requested are different than current active one (requested -> active):
  custom:video-decoder-ogg-theora: a1e56fd34408186e4bbccfd4996cb3dc -> 
  custom:container-muxer-webm: aa71ff27fc2769a1b78a27578f13a17b -> 
  custom:container-demuxer-webm: 4f35f7cbe854078d1ac9338744f61a02 -> 
  custom:container-demuxer-ogg: 62fdf1f143b41e24485cea50d1cbac27 -> 
  custom:video-encoder-webm-vp8: eb34c28f22e8b96e1ab97ce403110664 -> 
  custom:framework-osx-AVFoundation: e770b220cccbd017edd2c1fefb359320 -> 
  custom:video-decoder-webm-vp8: 9c59270c3fd7afecdb556c50c9e8de78 -> 
  custom:audio-decoder-ogg-vorbis: bf7c407c2cedff20999df2af8eb42d56 -> 
  custom:audio-encoder-webm-vorbis: bf7c407c2cedff20999df2af8eb42d56 -> 
========================================================================
Received Import Request.
  Time since last request: 8.694974 seconds.
  path: Assets/Scripts/XRSceneTransitionManager.cs
  artifactKey: Guid(52b7730399c40448c80da2183b2166ea) Importer(815301076,1909f56bfc062723c751e8b465ee728b)
Start importing Assets/Scripts/XRSceneTransitionManager.cs using Guid(52b7730399c40448c80da2183b2166ea) Importer(815301076,1909f56bfc062723c751e8b465ee728b)  -> (artifact id: '77e903568989f194d96875f3682249b1') in 0.010196 seconds 
  Import took 0.020313 seconds .

========================================================================
Received Prepare
Registering precompiled user dll's ...
Registered in 0.002879 seconds.
Begin MonoManager ReloadAssembly
Native extension for Lumin target not found
Native extension for LinuxStandalone target not found
Native extension for WindowsStandalone target not found
Native extension for OSXStandalone target not found
Native extension for WebGL target not found
Refreshing native plugins compatible for Editor in 0.85 ms, found 3 plugins.
Preloading 1 native plugins for Editor in 0.55 ms.
Mono: successfully reloaded assembly
- Completed reload, in  1.989 seconds
Domain Reload Profiling:
	ReloadAssembly (1989ms)
		BeginReloadAssembly (186ms)
			ExecutionOrderSort (0ms)
			DisableScriptedObjects (6ms)
			BackupInstance (0ms)
			ReleaseScriptingObjects (0ms)
			CreateAndSetChildDomain (96ms)
		EndReloadAssembly (1713ms)
			LoadAssemblies (112ms)
			RebuildTransferFunctionScriptingTraits (0ms)
			SetupTypeCache (587ms)
			ReleaseScriptCaches (2ms)
			RebuildScriptCaches (88ms)
			SetupLoadedEditorAssemblies (644ms)
				LogAssemblyErrors (0ms)
				InitializePlatformSupportModulesInManaged (9ms)
				SetLoadedEditorAssemblies (1ms)
				RefreshPlugins (1ms)
				BeforeProcessingInitializeOnLoad (181ms)
				ProcessInitializeOnLoadAttributes (446ms)
				ProcessInitializeOnLoadMethodAttributes (4ms)
				AfterProcessingInitializeOnLoad (2ms)
				EditorAssembliesLoaded (0ms)
			ExecutionOrderSort2 (0ms)
			AwakeInstancesAfterBackupRestoration (23ms)
Platform modules already initialized, skipping
Refreshing native plugins compatible for Editor in 0.81 ms, found 3 plugins.
Preloading 1 native plugins for Editor in 0.55 ms.
Unloading 3471 Unused Serialized files (Serialized files now loaded: 0)
System memory in use before: 313.7 MB.
System memory in use after: 313.8 MB.

Unloading 20 unused Assets to reduce memory usage. Loaded Objects now: 4193.
Total: 4.354326 ms (FindLiveObjects: 0.358177 ms CreateObjectMapping: 0.151231 ms MarkObjects: 3.739501 ms  DeleteObjects: 0.104461 ms)

AssetImportParameters requested are different than current active one (requested -> active):
  custom:video-decoder-ogg-theora: a1e56fd34408186e4bbccfd4996cb3dc -> 
  custom:container-muxer-webm: aa71ff27fc2769a1b78a27578f13a17b -> 
  custom:container-demuxer-webm: 4f35f7cbe854078d1ac9338744f61a02 -> 
  custom:container-demuxer-ogg: 62fdf1f143b41e24485cea50d1cbac27 -> 
  custom:video-encoder-webm-vp8: eb34c28f22e8b96e1ab97ce403110664 -> 
  custom:framework-osx-AVFoundation: e770b220cccbd017edd2c1fefb359320 -> 
  custom:video-decoder-webm-vp8: 9c59270c3fd7afecdb556c50c9e8de78 -> 
  custom:audio-decoder-ogg-vorbis: bf7c407c2cedff20999df2af8eb42d56 -> 
  custom:audio-encoder-webm-vorbis: bf7c407c2cedff20999df2af8eb42d56 -> 
========================================================================
Received Import Request.
  Time since last request: 85.501724 seconds.
  path: Assets/Scripts/XRSceneTransitionManager.cs
  artifactKey: Guid(52b7730399c40448c80da2183b2166ea) Importer(815301076,1909f56bfc062723c751e8b465ee728b)
Start importing Assets/Scripts/XRSceneTransitionManager.cs using Guid(52b7730399c40448c80da2183b2166ea) Importer(815301076,1909f56bfc062723c751e8b465ee728b)  -> (artifact id: 'ac12e22096d7df4048f847dd18cc47c7') in 0.029481 seconds 
  Import took 0.052314 seconds .

========================================================================
Received Prepare
Registering precompiled user dll's ...
Registered in 0.006875 seconds.
Begin MonoManager ReloadAssembly
Native extension for Lumin target not found
Native extension for LinuxStandalone target not found
Native extension for WindowsStandalone target not found
Native extension for OSXStandalone target not found
Native extension for WebGL target not found
Refreshing native plugins compatible for Editor in 0.82 ms, found 3 plugins.
Preloading 1 native plugins for Editor in 0.61 ms.
Mono: successfully reloaded assembly
- Completed reload, in  1.862 seconds
Domain Reload Profiling:
	ReloadAssembly (1882ms)
		BeginReloadAssembly (220ms)
			ExecutionOrderSort (0ms)
			DisableScriptedObjects (10ms)
			BackupInstance (0ms)
			ReleaseScriptingObjects (0ms)
			CreateAndSetChildDomain (103ms)
		EndReloadAssembly (1585ms)
			LoadAssemblies (94ms)
			RebuildTransferFunctionScriptingTraits (0ms)
			SetupTypeCache (504ms)
			ReleaseScriptCaches (1ms)
			RebuildScriptCaches (69ms)
			SetupLoadedEditorAssemblies (620ms)
				LogAssemblyErrors (0ms)
				InitializePlatformSupportModulesInManaged (8ms)
				SetLoadedEditorAssemblies (1ms)
				RefreshPlugins (1ms)
				BeforeProcessingInitializeOnLoad (171ms)
				ProcessInitializeOnLoadAttributes (433ms)
				ProcessInitializeOnLoadMethodAttributes (4ms)
				AfterProcessingInitializeOnLoad (1ms)
				EditorAssembliesLoaded (0ms)
			ExecutionOrderSort2 (0ms)
			AwakeInstancesAfterBackupRestoration (23ms)
Platform modules already initialized, skipping
Refreshing native plugins compatible for Editor in 0.79 ms, found 3 plugins.
Preloading 1 native plugins for Editor in 0.66 ms.
Unloading 3471 Unused Serialized files (Serialized files now loaded: 0)
System memory in use before: 313.9 MB.
System memory in use after: 314.1 MB.

Unloading 20 unused Assets to reduce memory usage. Loaded Objects now: 4196.
Total: 4.457266 ms (FindLiveObjects: 0.433826 ms CreateObjectMapping: 0.153967 ms MarkObjects: 3.763658 ms  DeleteObjects: 0.104742 ms)

AssetImportParameters requested are different than current active one (requested -> active):
  custom:video-decoder-ogg-theora: a1e56fd34408186e4bbccfd4996cb3dc -> 
  custom:container-muxer-webm: aa71ff27fc2769a1b78a27578f13a17b -> 
  custom:container-demuxer-webm: 4f35f7cbe854078d1ac9338744f61a02 -> 
  custom:container-demuxer-ogg: 62fdf1f143b41e24485cea50d1cbac27 -> 
  custom:video-encoder-webm-vp8: eb34c28f22e8b96e1ab97ce403110664 -> 
  custom:framework-osx-AVFoundation: e770b220cccbd017edd2c1fefb359320 -> 
  custom:video-decoder-webm-vp8: 9c59270c3fd7afecdb556c50c9e8de78 -> 
  custom:audio-decoder-ogg-vorbis: bf7c407c2cedff20999df2af8eb42d56 -> 
  custom:audio-encoder-webm-vorbis: bf7c407c2cedff20999df2af8eb42d56 -> 
========================================================================
Received Import Request.
  Time since last request: 15.240316 seconds.
  path: Assets/Scripts/XRSceneTransitionManager.cs
  artifactKey: Guid(52b7730399c40448c80da2183b2166ea) Importer(815301076,1909f56bfc062723c751e8b465ee728b)
Start importing Assets/Scripts/XRSceneTransitionManager.cs using Guid(52b7730399c40448c80da2183b2166ea) Importer(815301076,1909f56bfc062723c751e8b465ee728b)  -> (artifact id: 'b36a99cf9a87813f28426e449ef8628c') in 0.006832 seconds 
  Import took 0.019233 seconds .

========================================================================
Received Prepare
Registering precompiled user dll's ...
Registered in 0.003338 seconds.
Begin MonoManager ReloadAssembly
Native extension for Lumin target not found
Native extension for LinuxStandalone target not found
Native extension for WindowsStandalone target not found
Native extension for OSXStandalone target not found
Native extension for WebGL target not found
Refreshing native plugins compatible for Editor in 0.88 ms, found 3 plugins.
Preloading 1 native plugins for Editor in 0.52 ms.
Mono: successfully reloaded assembly
- Completed reload, in  1.854 seconds
Domain Reload Profiling:
	ReloadAssembly (1855ms)
		BeginReloadAssembly (220ms)
			ExecutionOrderSort (0ms)
			DisableScriptedObjects (6ms)
			BackupInstance (0ms)
			ReleaseScriptingObjects (0ms)
			CreateAndSetChildDomain (114ms)
		EndReloadAssembly (1538ms)
			LoadAssemblies (124ms)
			RebuildTransferFunctionScriptingTraits (0ms)
			SetupTypeCache (485ms)
			ReleaseScriptCaches (1ms)
			RebuildScriptCaches (70ms)
			SetupLoadedEditorAssemblies (625ms)
				LogAssemblyErrors (0ms)
				InitializePlatformSupportModulesInManaged (7ms)
				SetLoadedEditorAssemblies (1ms)
				RefreshPlugins (1ms)
				BeforeProcessingInitializeOnLoad (171ms)
				ProcessInitializeOnLoadAttributes (438ms)
				ProcessInitializeOnLoadMethodAttributes (4ms)
				AfterProcessingInitializeOnLoad (1ms)
				EditorAssembliesLoaded (0ms)
			ExecutionOrderSort2 (0ms)
			AwakeInstancesAfterBackupRestoration (23ms)
Platform modules already initialized, skipping
Refreshing native plugins compatible for Editor in 0.85 ms, found 3 plugins.
Preloading 1 native plugins for Editor in 0.52 ms.
Unloading 3471 Unused Serialized files (Serialized files now loaded: 0)
System memory in use before: 314.2 MB.
System memory in use after: 314.4 MB.

Unloading 20 unused Assets to reduce memory usage. Loaded Objects now: 4199.
Total: 4.528560 ms (FindLiveObjects: 0.386636 ms CreateObjectMapping: 0.167410 ms MarkObjects: 3.863984 ms  DeleteObjects: 0.109394 ms)

AssetImportParameters requested are different than current active one (requested -> active):
  custom:video-decoder-ogg-theora: a1e56fd34408186e4bbccfd4996cb3dc -> 
  custom:container-muxer-webm: aa71ff27fc2769a1b78a27578f13a17b -> 
  custom:container-demuxer-webm: 4f35f7cbe854078d1ac9338744f61a02 -> 
  custom:container-demuxer-ogg: 62fdf1f143b41e24485cea50d1cbac27 -> 
  custom:video-encoder-webm-vp8: eb34c28f22e8b96e1ab97ce403110664 -> 
  custom:framework-osx-AVFoundation: e770b220cccbd017edd2c1fefb359320 -> 
  custom:video-decoder-webm-vp8: 9c59270c3fd7afecdb556c50c9e8de78 -> 
  custom:audio-decoder-ogg-vorbis: bf7c407c2cedff20999df2af8eb42d56 -> 
  custom:audio-encoder-webm-vorbis: bf7c407c2cedff20999df2af8eb42d56 -> 
========================================================================
Received Import Request.
  Time since last request: 42.763182 seconds.
  path: Assets/Scripts/XRSceneTransitionManager.cs
  artifactKey: Guid(52b7730399c40448c80da2183b2166ea) Importer(815301076,1909f56bfc062723c751e8b465ee728b)
Start importing Assets/Scripts/XRSceneTransitionManager.cs using Guid(52b7730399c40448c80da2183b2166ea) Importer(815301076,1909f56bfc062723c751e8b465ee728b)  -> (artifact id: '98dcaaa3371ef52e006e1bbdeef02de6') in 0.014043 seconds 
  Import took 0.027346 seconds .

========================================================================
Received Prepare
Registering precompiled user dll's ...
Registered in 0.007200 seconds.
Begin MonoManager ReloadAssembly
Native extension for Lumin target not found
Native extension for LinuxStandalone target not found
Native extension for WindowsStandalone target not found
Native extension for OSXStandalone target not found
Native extension for WebGL target not found
Refreshing native plugins compatible for Editor in 0.88 ms, found 3 plugins.
Preloading 1 native plugins for Editor in 0.59 ms.
Mono: successfully reloaded assembly
- Completed reload, in  1.962 seconds
Domain Reload Profiling:
	ReloadAssembly (1963ms)
		BeginReloadAssembly (236ms)
			ExecutionOrderSort (0ms)
			DisableScriptedObjects (7ms)
			BackupInstance (0ms)
			ReleaseScriptingObjects (0ms)
			CreateAndSetChildDomain (144ms)
		EndReloadAssembly (1649ms)
			LoadAssemblies (94ms)
			RebuildTransferFunctionScriptingTraits (0ms)
			SetupTypeCache (494ms)
			ReleaseScriptCaches (2ms)
			RebuildScriptCaches (75ms)
			SetupLoadedEditorAssemblies (693ms)
				LogAssemblyErrors (0ms)
				InitializePlatformSupportModulesInManaged (8ms)
				SetLoadedEditorAssemblies (1ms)
				RefreshPlugins (2ms)
				BeforeProcessingInitializeOnLoad (191ms)
				ProcessInitializeOnLoadAttributes (484ms)
				ProcessInitializeOnLoadMethodAttributes (4ms)
				AfterProcessingInitializeOnLoad (2ms)
				EditorAssembliesLoaded (0ms)
			ExecutionOrderSort2 (0ms)
			AwakeInstancesAfterBackupRestoration (24ms)
Platform modules already initialized, skipping
Refreshing native plugins compatible for Editor in 0.85 ms, found 3 plugins.
Preloading 1 native plugins for Editor in 0.53 ms.
Unloading 3471 Unused Serialized files (Serialized files now loaded: 0)
System memory in use before: 314.5 MB.
System memory in use after: 314.6 MB.

Unloading 20 unused Assets to reduce memory usage. Loaded Objects now: 4202.
Total: 4.509432 ms (FindLiveObjects: 0.396158 ms CreateObjectMapping: 0.214705 ms MarkObjects: 3.785295 ms  DeleteObjects: 0.112414 ms)

AssetImportParameters requested are different than current active one (requested -> active):
  custom:video-decoder-ogg-theora: a1e56fd34408186e4bbccfd4996cb3dc -> 
  custom:container-muxer-webm: aa71ff27fc2769a1b78a27578f13a17b -> 
  custom:container-demuxer-webm: 4f35f7cbe854078d1ac9338744f61a02 -> 
  custom:container-demuxer-ogg: 62fdf1f143b41e24485cea50d1cbac27 -> 
  custom:video-encoder-webm-vp8: eb34c28f22e8b96e1ab97ce403110664 -> 
  custom:framework-osx-AVFoundation: e770b220cccbd017edd2c1fefb359320 -> 
  custom:video-decoder-webm-vp8: 9c59270c3fd7afecdb556c50c9e8de78 -> 
  custom:audio-decoder-ogg-vorbis: bf7c407c2cedff20999df2af8eb42d56 -> 
  custom:audio-encoder-webm-vorbis: bf7c407c2cedff20999df2af8eb42d56 -> 
========================================================================
Received Import Request.
  Time since last request: 50.031658 seconds.
  path: Assets/XRBlit/Materials/ScreenFade.mat
  artifactKey: Guid(bb086e00bbfb9f943aaf4ed5e9d20899) Importer(815301076,1909f56bfc062723c751e8b465ee728b)
Start importing Assets/XRBlit/Materials/ScreenFade.mat using Guid(bb086e00bbfb9f943aaf4ed5e9d20899) Importer(815301076,1909f56bfc062723c751e8b465ee728b)  -> (artifact id: '831a10beb48c3a0628993dc32e51e7d8') in 0.345282 seconds 
  Import took 0.358608 seconds .

========================================================================
Received Import Request.
  Time since last request: 0.004715 seconds.
  path: Assets/XRBlit/Materials/ScreenFade.mat
  artifactKey: Guid(bb086e00bbfb9f943aaf4ed5e9d20899) Importer(815301076,1909f56bfc062723c751e8b465ee728b)
Start importing Assets/XRBlit/Materials/ScreenFade.mat using Guid(bb086e00bbfb9f943aaf4ed5e9d20899) Importer(815301076,1909f56bfc062723c751e8b465ee728b)  -> (artifact id: '831a10beb48c3a0628993dc32e51e7d8') in 0.014489 seconds 
  Import took 0.024054 seconds .

========================================================================
Received Import Request.
  Time since last request: 4.356396 seconds.
  path: Assets/Scripts/XRSceneTransitionManager.cs
  artifactKey: Guid(52b7730399c40448c80da2183b2166ea) Importer(815301076,1909f56bfc062723c751e8b465ee728b)
Start importing Assets/Scripts/XRSceneTransitionManager.cs using Guid(52b7730399c40448c80da2183b2166ea) Importer(815301076,1909f56bfc062723c751e8b465ee728b)  -> (artifact id: '1f3f7a20cd1a2c36cde895e6d0024baa') in 0.003022 seconds 
  Import took 0.011517 seconds .

========================================================================
Received Prepare
Registering precompiled user dll's ...
Registered in 0.006648 seconds.
Begin MonoManager ReloadAssembly
Native extension for Lumin target not found
Native extension for LinuxStandalone target not found
Native extension for WindowsStandalone target not found
Native extension for OSXStandalone target not found
Native extension for WebGL target not found
Refreshing native plugins compatible for Editor in 0.94 ms, found 3 plugins.
Preloading 1 native plugins for Editor in 0.54 ms.
Mono: successfully reloaded assembly
- Completed reload, in  1.846 seconds
Domain Reload Profiling:
	ReloadAssembly (1846ms)
		BeginReloadAssembly (208ms)
			ExecutionOrderSort (0ms)
			DisableScriptedObjects (7ms)
			BackupInstance (0ms)
			ReleaseScriptingObjects (0ms)
			CreateAndSetChildDomain (123ms)
		EndReloadAssembly (1561ms)
			LoadAssemblies (118ms)
			RebuildTransferFunctionScriptingTraits (0ms)
			SetupTypeCache (454ms)
			ReleaseScriptCaches (1ms)
			RebuildScriptCaches (67ms)
			SetupLoadedEditorAssemblies (639ms)
				LogAssemblyErrors (0ms)
				InitializePlatformSupportModulesInManaged (7ms)
				SetLoadedEditorAssemblies (1ms)
				RefreshPlugins (2ms)
				BeforeProcessingInitializeOnLoad (169ms)
				ProcessInitializeOnLoadAttributes (455ms)
				ProcessInitializeOnLoadMethodAttributes (4ms)
				AfterProcessingInitializeOnLoad (2ms)
				EditorAssembliesLoaded (0ms)
			ExecutionOrderSort2 (0ms)
			AwakeInstancesAfterBackupRestoration (23ms)
Platform modules already initialized, skipping
Refreshing native plugins compatible for Editor in 0.79 ms, found 3 plugins.
Preloading 1 native plugins for Editor in 0.52 ms.
Unloading 3471 Unused Serialized files (Serialized files now loaded: 0)
System memory in use before: 314.9 MB.
System memory in use after: 315.1 MB.

Unloading 19 unused Assets to reduce memory usage. Loaded Objects now: 4242.
Total: 4.869240 ms (FindLiveObjects: 0.442194 ms CreateObjectMapping: 0.252833 ms MarkObjects: 4.079186 ms  DeleteObjects: 0.094105 ms)

AssetImportParameters requested are different than current active one (requested -> active):
  custom:video-decoder-ogg-theora: a1e56fd34408186e4bbccfd4996cb3dc -> 
  custom:container-muxer-webm: aa71ff27fc2769a1b78a27578f13a17b -> 
  custom:container-demuxer-webm: 4f35f7cbe854078d1ac9338744f61a02 -> 
  custom:container-demuxer-ogg: 62fdf1f143b41e24485cea50d1cbac27 -> 
  custom:video-encoder-webm-vp8: eb34c28f22e8b96e1ab97ce403110664 -> 
  custom:framework-osx-AVFoundation: e770b220cccbd017edd2c1fefb359320 -> 
  custom:video-decoder-webm-vp8: 9c59270c3fd7afecdb556c50c9e8de78 -> 
  custom:audio-decoder-ogg-vorbis: bf7c407c2cedff20999df2af8eb42d56 -> 
  custom:audio-encoder-webm-vorbis: bf7c407c2cedff20999df2af8eb42d56 -> 
========================================================================
Received Prepare
Refreshing native plugins compatible for Editor in 10.97 ms, found 3 plugins.
Preloading 1 native plugins for Editor in 0.59 ms.
Unloading 16 Unused Serialized files (Serialized files now loaded: 0)
System memory in use before: 228.9 MB.
System memory in use after: 229.1 MB.

Unloading 16 unused Assets to reduce memory usage. Loaded Objects now: 4242.
Total: 22.501831 ms (FindLiveObjects: 0.826894 ms CreateObjectMapping: 0.199504 ms MarkObjects: 21.260294 ms  DeleteObjects: 0.213861 ms)

AssetImportParameters requested are different than current active one (requested -> active):
  custom:video-decoder-ogg-theora: a1e56fd34408186e4bbccfd4996cb3dc -> 
  custom:container-muxer-webm: aa71ff27fc2769a1b78a27578f13a17b -> 
  custom:container-demuxer-webm: 4f35f7cbe854078d1ac9338744f61a02 -> 
  custom:container-demuxer-ogg: 62fdf1f143b41e24485cea50d1cbac27 -> 
  custom:video-encoder-webm-vp8: eb34c28f22e8b96e1ab97ce403110664 -> 
  custom:framework-osx-AVFoundation: e770b220cccbd017edd2c1fefb359320 -> 
  custom:video-decoder-webm-vp8: 9c59270c3fd7afecdb556c50c9e8de78 -> 
  custom:audio-decoder-ogg-vorbis: bf7c407c2cedff20999df2af8eb42d56 -> 
  custom:audio-encoder-webm-vorbis: bf7c407c2cedff20999df2af8eb42d56 -> 
========================================================================
Received Import Request.
  Time since last request: 148.994615 seconds.
  path: Assets/Settings/URP_Renderer.asset
  artifactKey: Guid(0ba8ca096efc51c4cb99f193efcd39dd) Importer(815301076,1909f56bfc062723c751e8b465ee728b)
Start importing Assets/Settings/URP_Renderer.asset using Guid(0ba8ca096efc51c4cb99f193efcd39dd) Importer(815301076,1909f56bfc062723c751e8b465ee728b)  -> (artifact id: '78719785bee0d4c17a1f4815ba575574') in 0.107454 seconds 
  Import took 0.118886 seconds .

========================================================================
Received Import Request.
  Time since last request: 0.521904 seconds.
  path: Assets/Settings/URP_Renderer.asset
  artifactKey: Guid(0ba8ca096efc51c4cb99f193efcd39dd) Importer(815301076,1909f56bfc062723c751e8b465ee728b)
Start importing Assets/Settings/URP_Renderer.asset using Guid(0ba8ca096efc51c4cb99f193efcd39dd) Importer(815301076,1909f56bfc062723c751e8b465ee728b)  -> (artifact id: '78719785bee0d4c17a1f4815ba575574') in 0.009329 seconds 
  Import took 0.024846 seconds .

========================================================================
Received Prepare
Registering precompiled user dll's ...
Registered in 0.011563 seconds.
Begin MonoManager ReloadAssembly
Native extension for Lumin target not found
Native extension for LinuxStandalone target not found
Native extension for WindowsStandalone target not found
Native extension for OSXStandalone target not found
Native extension for WebGL target not found
Refreshing native plugins compatible for Editor in 1.01 ms, found 3 plugins.
Preloading 1 native plugins for Editor in 1.26 ms.
Mono: successfully reloaded assembly
- Completed reload, in  2.674 seconds
Domain Reload Profiling:
	ReloadAssembly (2677ms)
		BeginReloadAssembly (376ms)
			ExecutionOrderSort (0ms)
			DisableScriptedObjects (15ms)
			BackupInstance (0ms)
			ReleaseScriptingObjects (0ms)
			CreateAndSetChildDomain (230ms)
		EndReloadAssembly (2187ms)
			LoadAssemblies (177ms)
			RebuildTransferFunctionScriptingTraits (1ms)
			SetupTypeCache (642ms)
			ReleaseScriptCaches (4ms)
			RebuildScriptCaches (88ms)
			SetupLoadedEditorAssemblies (839ms)
				LogAssemblyErrors (0ms)
				InitializePlatformSupportModulesInManaged (10ms)
				SetLoadedEditorAssemblies (2ms)
				RefreshPlugins (2ms)
				BeforeProcessingInitializeOnLoad (223ms)
				ProcessInitializeOnLoadAttributes (589ms)
				ProcessInitializeOnLoadMethodAttributes (7ms)
				AfterProcessingInitializeOnLoad (6ms)
				EditorAssembliesLoaded (0ms)
			ExecutionOrderSort2 (0ms)
			AwakeInstancesAfterBackupRestoration (40ms)
Platform modules already initialized, skipping
Switching build target platform(2) subTarget(0) extendedPlatform(0) -> platform(13) subTarget(524288) extendedPlatform(0)
Refreshing native plugins compatible for Editor in 1.01 ms, found 3 plugins.
Preloading 1 native plugins for Editor in 0.65 ms.
Unloading 3474 Unused Serialized files (Serialized files now loaded: 0)
System memory in use before: 308.5 MB.
System memory in use after: 308.7 MB.

Unloading 19 unused Assets to reduce memory usage. Loaded Objects now: 4245.
Total: 5.856612 ms (FindLiveObjects: 0.516174 ms CreateObjectMapping: 0.194454 ms MarkObjects: 5.042946 ms  DeleteObjects: 0.102069 ms)

AssetImportParameters requested are different than current active one (requested -> active):
  custom:video-decoder-ogg-theora: a1e56fd34408186e4bbccfd4996cb3dc -> 
  custom:container-muxer-webm: aa71ff27fc2769a1b78a27578f13a17b -> 
  custom:container-demuxer-webm: 4f35f7cbe854078d1ac9338744f61a02 -> 
  custom:container-demuxer-ogg: 62fdf1f143b41e24485cea50d1cbac27 -> 
  custom:video-encoder-webm-vp8: eb34c28f22e8b96e1ab97ce403110664 -> 
  custom:framework-osx-AVFoundation: e770b220cccbd017edd2c1fefb359320 -> 
  custom:video-decoder-webm-vp8: 9c59270c3fd7afecdb556c50c9e8de78 -> 
  custom:graphics/normal-map-encoding: 01000000000000000000000000000000 -> 02000000000000000000000000000000
  custom:audio-decoder-ogg-vorbis: bf7c407c2cedff20999df2af8eb42d56 -> 
  custom:audio-encoder-webm-vorbis: bf7c407c2cedff20999df2af8eb42d56 -> 
========================================================================
Received Prepare
Refreshing native plugins compatible for Editor in 4.37 ms, found 3 plugins.
Preloading 1 native plugins for Editor in 1.29 ms.
Unloading 16 Unused Serialized files (Serialized files now loaded: 0)
System memory in use before: 222.9 MB.
System memory in use after: 223.1 MB.

Unloading 16 unused Assets to reduce memory usage. Loaded Objects now: 4245.
Total: 16.757329 ms (FindLiveObjects: 0.521506 ms CreateObjectMapping: 0.386280 ms MarkObjects: 12.168629 ms  DeleteObjects: 3.678266 ms)

AssetImportParameters requested are different than current active one (requested -> active):
  custom:video-decoder-ogg-theora: a1e56fd34408186e4bbccfd4996cb3dc -> 
  custom:container-muxer-webm: aa71ff27fc2769a1b78a27578f13a17b -> 
  custom:container-demuxer-webm: 4f35f7cbe854078d1ac9338744f61a02 -> 
  custom:container-demuxer-ogg: 62fdf1f143b41e24485cea50d1cbac27 -> 
  custom:video-encoder-webm-vp8: eb34c28f22e8b96e1ab97ce403110664 -> 
  custom:framework-osx-AVFoundation: e770b220cccbd017edd2c1fefb359320 -> 
  custom:video-decoder-webm-vp8: 9c59270c3fd7afecdb556c50c9e8de78 -> 
  custom:audio-decoder-ogg-vorbis: bf7c407c2cedff20999df2af8eb42d56 -> 
  custom:audio-encoder-webm-vorbis: bf7c407c2cedff20999df2af8eb42d56 -> 
========================================================================
Received Prepare
Refreshing native plugins compatible for Editor in 11.19 ms, found 3 plugins.
Preloading 1 native plugins for Editor in 0.89 ms.
Unloading 16 Unused Serialized files (Serialized files now loaded: 0)
System memory in use before: 222.9 MB.
System memory in use after: 223.1 MB.

Unloading 16 unused Assets to reduce memory usage. Loaded Objects now: 4245.
Total: 26.980069 ms (FindLiveObjects: 1.170482 ms CreateObjectMapping: 0.193833 ms MarkObjects: 25.459171 ms  DeleteObjects: 0.155644 ms)

AssetImportParameters requested are different than current active one (requested -> active):
  custom:video-decoder-ogg-theora: a1e56fd34408186e4bbccfd4996cb3dc -> 
  custom:container-muxer-webm: aa71ff27fc2769a1b78a27578f13a17b -> 
  custom:container-demuxer-webm: 4f35f7cbe854078d1ac9338744f61a02 -> 
  custom:container-demuxer-ogg: 62fdf1f143b41e24485cea50d1cbac27 -> 
  custom:video-encoder-webm-vp8: eb34c28f22e8b96e1ab97ce403110664 -> 
  custom:framework-osx-AVFoundation: e770b220cccbd017edd2c1fefb359320 -> 
  custom:video-decoder-webm-vp8: 9c59270c3fd7afecdb556c50c9e8de78 -> 
  custom:audio-decoder-ogg-vorbis: bf7c407c2cedff20999df2af8eb42d56 -> 
  custom:audio-encoder-webm-vorbis: bf7c407c2cedff20999df2af8eb42d56 -> 
========================================================================
Received Import Request.
  Time since last request: 659.587726 seconds.
  path: Assets/XR/XRGeneralSettings.asset
  artifactKey: Guid(871ad90ddd6829e42878eeb2fc491ecc) Importer(815301076,1909f56bfc062723c751e8b465ee728b)
Start importing Assets/XR/XRGeneralSettings.asset using Guid(871ad90ddd6829e42878eeb2fc491ecc) Importer(815301076,1909f56bfc062723c751e8b465ee728b)  -> (artifact id: 'caa5ad16b529992a097674c05fb525f9') in 0.390946 seconds 
  Import took 0.546525 seconds .

========================================================================
Received Import Request.
  Time since last request: 0.760715 seconds.
  path: Assets/Prefabs/LeftHandVisual.prefab
  artifactKey: Guid(83e2ef3d7e4d4a842af78127fef80ccd) Importer(815301076,1909f56bfc062723c751e8b465ee728b)
Start importing Assets/Prefabs/LeftHandVisual.prefab using Guid(83e2ef3d7e4d4a842af78127fef80ccd) Importer(815301076,1909f56bfc062723c751e8b465ee728b)  -> (artifact id: 'c52fc1cf96e88e1709defd47e9d0bfd9') in 2.794417 seconds 
  Import took 2.804123 seconds .

========================================================================
Received Import Request.
  Time since last request: 0.002709 seconds.
  path: Assets/Prefabs/RightHandVisual.prefab
  artifactKey: Guid(0930a11dfba18ba4a99b3d0b0654394e) Importer(815301076,1909f56bfc062723c751e8b465ee728b)
Start importing Assets/Prefabs/RightHandVisual.prefab using Guid(0930a11dfba18ba4a99b3d0b0654394e) Importer(815301076,1909f56bfc062723c751e8b465ee728b)  -> (artifact id: '862a46d570c09400367734f0a6236b56') in 0.053495 seconds 
  Import took 0.064486 seconds .

